<?xml version="1.0" encoding="UTF-8" ?>
<testsuite failures="0" time="2.815" errors="0" skipped="0" tests="8" name="com.mogo.app.voterz.dao.PartyDaoTest">
  <properties>
[...]
</properties>
  <testcase time="2.604" classname="com.mogo.app.voterz.dao.PartyDaoTest" name="save"/>
  <testcase time="0.004" classname="com.mogo.app.voterz.dao.PartyDaoTest" name="delete"/>
  <testcase time="0.025" classname="com.mogo.app.voterz.dao.PartyDaoTest" name="update"/>
  <testcase time="0.013" classname="com.mogo.app.voterz.dao.PartyDaoTest" name="findAll"/>
  <testcase time="0.005" classname="com.mogo.app.voterz.dao.PartyDaoTest" name="findById"/>
  <testcase time="0.004" classname="com.mogo.app.voterz.dao.PartyDaoTest" name="findByName"/>
  <testcase time="0.007" classname="com.mogo.app.voterz.dao.PartyDaoTest" name="saveOrUpdate"/>
  <testcase time="0.004" classname="com.mogo.app.voterz.dao.PartyDaoTest" name="saveOrUpdate1"/>
</testsuite>